2018-12-25 14:00:52.233 INFO  com.cennavi.plan.PlanApplicationTests Line:50  - Starting PlanApplicationTests on 2013-20181114ST with PID 7612 (started by Administrator in D:\workspace\java\plan-service)
2018-12-25 14:00:52.237 INFO  com.cennavi.plan.PlanApplicationTests Line:679 - The following profiles are active: dev
2018-12-25 14:00:56.785 WARN  org.springframework.boot.autoconfigure.thymeleaf.ThymeleafAutoConfiguration$DefaultTemplateResolverConfiguration Line:108 - Cannot find template location: classpath:/templates/ (please add some templates or check your Thymeleaf configuration)
2018-12-25 14:00:57.820 INFO  com.alibaba.druid.pool.DruidDataSource Line:106 - {dataSource-1} inited
2018-12-25 14:00:58.316 INFO  org.quartz.impl.StdSchedulerFactory Line:1184 - Using default implementation for ThreadExecutor
2018-12-25 14:00:58.340 INFO  org.quartz.core.SchedulerSignalerImpl Line:61  - Initialized Scheduler Signaller of type: class org.quartz.core.SchedulerSignalerImpl
2018-12-25 14:00:58.342 INFO  org.quartz.core.QuartzScheduler Line:240 - Quartz Scheduler v.2.2.1 created.
2018-12-25 14:00:58.345 INFO  org.quartz.simpl.RAMJobStore Line:155 - RAMJobStore initialized.
2018-12-25 14:00:58.347 INFO  org.quartz.core.QuartzScheduler Line:305 - Scheduler meta-data: Quartz Scheduler (v2.2.1) 'quartzScheduler' with instanceId 'NON_CLUSTERED'
  Scheduler class: 'org.quartz.core.QuartzScheduler' - running locally.
  NOT STARTED.
  Currently in standby mode.
  Number of jobs executed: 0
  Using thread pool 'org.quartz.simpl.SimpleThreadPool' - with 10 threads.
  Using job-store 'org.quartz.simpl.RAMJobStore' - which does not support persistence. and is not clustered.

2018-12-25 14:00:58.347 INFO  org.quartz.impl.StdSchedulerFactory Line:1339 - Quartz scheduler 'quartzScheduler' initialized from an externally provided properties instance.
2018-12-25 14:00:58.348 INFO  org.quartz.impl.StdSchedulerFactory Line:1343 - Quartz scheduler version: 2.2.1
2018-12-25 14:00:58.348 INFO  org.quartz.core.QuartzScheduler Line:2311 - JobFactory set to: org.springframework.scheduling.quartz.SpringBeanJobFactory@4a4ff5ed
2018-12-25 14:00:58.549 INFO  org.quartz.core.QuartzScheduler Line:575 - Scheduler quartzScheduler_$_NON_CLUSTERED started.
2018-12-25 14:00:58.574 INFO  com.cennavi.plan.PlanApplicationTests Line:59  - Started PlanApplicationTests in 6.873 seconds (JVM running for 9.532)
2018-12-25 14:01:00.112 INFO  org.quartz.core.QuartzScheduler Line:613 - Scheduler quartzScheduler_$_NON_CLUSTERED paused.
2018-12-25 14:01:00.114 INFO  org.quartz.core.QuartzScheduler Line:694 - Scheduler quartzScheduler_$_NON_CLUSTERED shutting down.
2018-12-25 14:01:00.114 INFO  org.quartz.core.QuartzScheduler Line:613 - Scheduler quartzScheduler_$_NON_CLUSTERED paused.
2018-12-25 14:01:00.115 INFO  org.quartz.core.QuartzScheduler Line:771 - Scheduler quartzScheduler_$_NON_CLUSTERED shutdown complete.
2018-12-25 14:01:00.153 INFO  com.alibaba.druid.pool.DruidDataSource Line:106 - {dataSource-1} closed
2018-12-25 14:05:00.718 INFO  com.cennavi.plan.PlanApplicationTests Line:50  - Starting PlanApplicationTests on 2013-20181114ST with PID 3792 (started by Administrator in D:\workspace\java\plan-service)
2018-12-25 14:05:00.724 INFO  com.cennavi.plan.PlanApplicationTests Line:679 - The following profiles are active: dev
2018-12-25 14:05:04.947 WARN  org.springframework.boot.autoconfigure.thymeleaf.ThymeleafAutoConfiguration$DefaultTemplateResolverConfiguration Line:108 - Cannot find template location: classpath:/templates/ (please add some templates or check your Thymeleaf configuration)
2018-12-25 14:05:05.829 INFO  com.alibaba.druid.pool.DruidDataSource Line:106 - {dataSource-1} inited
2018-12-25 14:05:06.274 INFO  org.quartz.impl.StdSchedulerFactory Line:1184 - Using default implementation for ThreadExecutor
2018-12-25 14:05:06.300 INFO  org.quartz.core.SchedulerSignalerImpl Line:61  - Initialized Scheduler Signaller of type: class org.quartz.core.SchedulerSignalerImpl
2018-12-25 14:05:06.302 INFO  org.quartz.core.QuartzScheduler Line:240 - Quartz Scheduler v.2.2.1 created.
2018-12-25 14:05:06.304 INFO  org.quartz.simpl.RAMJobStore Line:155 - RAMJobStore initialized.
2018-12-25 14:05:06.306 INFO  org.quartz.core.QuartzScheduler Line:305 - Scheduler meta-data: Quartz Scheduler (v2.2.1) 'quartzScheduler' with instanceId 'NON_CLUSTERED'
  Scheduler class: 'org.quartz.core.QuartzScheduler' - running locally.
  NOT STARTED.
  Currently in standby mode.
  Number of jobs executed: 0
  Using thread pool 'org.quartz.simpl.SimpleThreadPool' - with 10 threads.
  Using job-store 'org.quartz.simpl.RAMJobStore' - which does not support persistence. and is not clustered.

2018-12-25 14:05:06.307 INFO  org.quartz.impl.StdSchedulerFactory Line:1339 - Quartz scheduler 'quartzScheduler' initialized from an externally provided properties instance.
2018-12-25 14:05:06.307 INFO  org.quartz.impl.StdSchedulerFactory Line:1343 - Quartz scheduler version: 2.2.1
2018-12-25 14:05:06.308 INFO  org.quartz.core.QuartzScheduler Line:2311 - JobFactory set to: org.springframework.scheduling.quartz.SpringBeanJobFactory@4b7ab7ab
2018-12-25 14:05:06.533 INFO  org.quartz.core.QuartzScheduler Line:575 - Scheduler quartzScheduler_$_NON_CLUSTERED started.
2018-12-25 14:05:06.560 INFO  com.cennavi.plan.PlanApplicationTests Line:59  - Started PlanApplicationTests in 6.377 seconds (JVM running for 7.897)
2018-12-25 14:05:07.161 INFO  org.quartz.core.QuartzScheduler Line:613 - Scheduler quartzScheduler_$_NON_CLUSTERED paused.
2018-12-25 14:05:07.163 INFO  org.quartz.core.QuartzScheduler Line:694 - Scheduler quartzScheduler_$_NON_CLUSTERED shutting down.
2018-12-25 14:05:07.163 INFO  org.quartz.core.QuartzScheduler Line:613 - Scheduler quartzScheduler_$_NON_CLUSTERED paused.
2018-12-25 14:05:07.164 INFO  org.quartz.core.QuartzScheduler Line:771 - Scheduler quartzScheduler_$_NON_CLUSTERED shutdown complete.
2018-12-25 14:05:07.190 INFO  com.alibaba.druid.pool.DruidDataSource Line:106 - {dataSource-1} closed
2018-12-25 14:14:46.234 INFO  com.cennavi.plan.PlanApplicationTests Line:50  - Starting PlanApplicationTests on 2013-20181114ST with PID 2532 (started by Administrator in D:\workspace\java\plan-service)
2018-12-25 14:14:46.240 INFO  com.cennavi.plan.PlanApplicationTests Line:679 - The following profiles are active: dev
2018-12-25 14:14:50.442 WARN  org.springframework.boot.autoconfigure.thymeleaf.ThymeleafAutoConfiguration$DefaultTemplateResolverConfiguration Line:108 - Cannot find template location: classpath:/templates/ (please add some templates or check your Thymeleaf configuration)
2018-12-25 14:14:51.331 INFO  com.alibaba.druid.pool.DruidDataSource Line:106 - {dataSource-1} inited
2018-12-25 14:14:51.773 INFO  org.quartz.impl.StdSchedulerFactory Line:1184 - Using default implementation for ThreadExecutor
2018-12-25 14:14:51.792 INFO  org.quartz.core.SchedulerSignalerImpl Line:61  - Initialized Scheduler Signaller of type: class org.quartz.core.SchedulerSignalerImpl
2018-12-25 14:14:51.796 INFO  org.quartz.core.QuartzScheduler Line:240 - Quartz Scheduler v.2.2.1 created.
2018-12-25 14:14:51.798 INFO  org.quartz.simpl.RAMJobStore Line:155 - RAMJobStore initialized.
2018-12-25 14:14:51.800 INFO  org.quartz.core.QuartzScheduler Line:305 - Scheduler meta-data: Quartz Scheduler (v2.2.1) 'quartzScheduler' with instanceId 'NON_CLUSTERED'
  Scheduler class: 'org.quartz.core.QuartzScheduler' - running locally.
  NOT STARTED.
  Currently in standby mode.
  Number of jobs executed: 0
  Using thread pool 'org.quartz.simpl.SimpleThreadPool' - with 10 threads.
  Using job-store 'org.quartz.simpl.RAMJobStore' - which does not support persistence. and is not clustered.

2018-12-25 14:14:51.801 INFO  org.quartz.impl.StdSchedulerFactory Line:1339 - Quartz scheduler 'quartzScheduler' initialized from an externally provided properties instance.
2018-12-25 14:14:51.801 INFO  org.quartz.impl.StdSchedulerFactory Line:1343 - Quartz scheduler version: 2.2.1
2018-12-25 14:14:51.802 INFO  org.quartz.core.QuartzScheduler Line:2311 - JobFactory set to: org.springframework.scheduling.quartz.SpringBeanJobFactory@f49e81a
2018-12-25 14:14:51.959 INFO  org.quartz.core.QuartzScheduler Line:575 - Scheduler quartzScheduler_$_NON_CLUSTERED started.
2018-12-25 14:14:51.975 INFO  com.cennavi.plan.PlanApplicationTests Line:59  - Started PlanApplicationTests in 6.267 seconds (JVM running for 7.681)
2018-12-25 14:14:52.609 INFO  org.quartz.core.QuartzScheduler Line:613 - Scheduler quartzScheduler_$_NON_CLUSTERED paused.
2018-12-25 14:14:52.613 INFO  org.quartz.core.QuartzScheduler Line:694 - Scheduler quartzScheduler_$_NON_CLUSTERED shutting down.
2018-12-25 14:14:52.614 INFO  org.quartz.core.QuartzScheduler Line:613 - Scheduler quartzScheduler_$_NON_CLUSTERED paused.
2018-12-25 14:14:52.615 INFO  org.quartz.core.QuartzScheduler Line:771 - Scheduler quartzScheduler_$_NON_CLUSTERED shutdown complete.
2018-12-25 14:14:52.652 INFO  com.alibaba.druid.pool.DruidDataSource Line:106 - {dataSource-1} closed
2018-12-25 14:25:08.596 INFO  com.cennavi.plan.PlanApplicationTests Line:50  - Starting PlanApplicationTests on 2013-20181114ST with PID 6232 (started by Administrator in D:\workspace\java\plan-service)
2018-12-25 14:25:08.600 INFO  com.cennavi.plan.PlanApplicationTests Line:679 - The following profiles are active: dev
2018-12-25 14:25:12.656 WARN  org.springframework.boot.autoconfigure.thymeleaf.ThymeleafAutoConfiguration$DefaultTemplateResolverConfiguration Line:108 - Cannot find template location: classpath:/templates/ (please add some templates or check your Thymeleaf configuration)
2018-12-25 14:25:13.575 INFO  com.alibaba.druid.pool.DruidDataSource Line:106 - {dataSource-1} inited
2018-12-25 14:25:14.015 INFO  org.quartz.impl.StdSchedulerFactory Line:1184 - Using default implementation for ThreadExecutor
2018-12-25 14:25:14.040 INFO  org.quartz.core.SchedulerSignalerImpl Line:61  - Initialized Scheduler Signaller of type: class org.quartz.core.SchedulerSignalerImpl
2018-12-25 14:25:14.042 INFO  org.quartz.core.QuartzScheduler Line:240 - Quartz Scheduler v.2.2.1 created.
2018-12-25 14:25:14.044 INFO  org.quartz.simpl.RAMJobStore Line:155 - RAMJobStore initialized.
2018-12-25 14:25:14.046 INFO  org.quartz.core.QuartzScheduler Line:305 - Scheduler meta-data: Quartz Scheduler (v2.2.1) 'quartzScheduler' with instanceId 'NON_CLUSTERED'
  Scheduler class: 'org.quartz.core.QuartzScheduler' - running locally.
  NOT STARTED.
  Currently in standby mode.
  Number of jobs executed: 0
  Using thread pool 'org.quartz.simpl.SimpleThreadPool' - with 10 threads.
  Using job-store 'org.quartz.simpl.RAMJobStore' - which does not support persistence. and is not clustered.

2018-12-25 14:25:14.047 INFO  org.quartz.impl.StdSchedulerFactory Line:1339 - Quartz scheduler 'quartzScheduler' initialized from an externally provided properties instance.
2018-12-25 14:25:14.048 INFO  org.quartz.impl.StdSchedulerFactory Line:1343 - Quartz scheduler version: 2.2.1
2018-12-25 14:25:14.049 INFO  org.quartz.core.QuartzScheduler Line:2311 - JobFactory set to: org.springframework.scheduling.quartz.SpringBeanJobFactory@cf9bd1e
2018-12-25 14:25:14.245 INFO  org.quartz.core.QuartzScheduler Line:575 - Scheduler quartzScheduler_$_NON_CLUSTERED started.
2018-12-25 14:25:14.267 INFO  com.cennavi.plan.PlanApplicationTests Line:59  - Started PlanApplicationTests in 6.167 seconds (JVM running for 7.566)
2018-12-25 14:25:14.828 INFO  org.quartz.core.QuartzScheduler Line:613 - Scheduler quartzScheduler_$_NON_CLUSTERED paused.
2018-12-25 14:25:14.830 INFO  org.quartz.core.QuartzScheduler Line:694 - Scheduler quartzScheduler_$_NON_CLUSTERED shutting down.
2018-12-25 14:25:14.831 INFO  org.quartz.core.QuartzScheduler Line:613 - Scheduler quartzScheduler_$_NON_CLUSTERED paused.
2018-12-25 14:25:14.848 INFO  org.quartz.core.QuartzScheduler Line:771 - Scheduler quartzScheduler_$_NON_CLUSTERED shutdown complete.
2018-12-25 14:25:14.885 INFO  com.alibaba.druid.pool.DruidDataSource Line:106 - {dataSource-1} closed
2018-12-25 14:30:32.487 INFO  com.cennavi.plan.PlanApplicationTests Line:50  - Starting PlanApplicationTests on 2013-20181114ST with PID 7480 (started by Administrator in D:\workspace\java\plan-service)
2018-12-25 14:30:32.493 INFO  com.cennavi.plan.PlanApplicationTests Line:679 - The following profiles are active: dev
2018-12-25 14:30:36.775 WARN  org.springframework.boot.autoconfigure.thymeleaf.ThymeleafAutoConfiguration$DefaultTemplateResolverConfiguration Line:108 - Cannot find template location: classpath:/templates/ (please add some templates or check your Thymeleaf configuration)
2018-12-25 14:30:37.669 INFO  com.alibaba.druid.pool.DruidDataSource Line:106 - {dataSource-1} inited
2018-12-25 14:30:38.169 INFO  org.quartz.impl.StdSchedulerFactory Line:1184 - Using default implementation for ThreadExecutor
2018-12-25 14:30:38.203 INFO  org.quartz.core.SchedulerSignalerImpl Line:61  - Initialized Scheduler Signaller of type: class org.quartz.core.SchedulerSignalerImpl
2018-12-25 14:30:38.218 INFO  org.quartz.core.QuartzScheduler Line:240 - Quartz Scheduler v.2.2.1 created.
2018-12-25 14:30:38.221 INFO  org.quartz.simpl.RAMJobStore Line:155 - RAMJobStore initialized.
2018-12-25 14:30:38.223 INFO  org.quartz.core.QuartzScheduler Line:305 - Scheduler meta-data: Quartz Scheduler (v2.2.1) 'quartzScheduler' with instanceId 'NON_CLUSTERED'
  Scheduler class: 'org.quartz.core.QuartzScheduler' - running locally.
  NOT STARTED.
  Currently in standby mode.
  Number of jobs executed: 0
  Using thread pool 'org.quartz.simpl.SimpleThreadPool' - with 10 threads.
  Using job-store 'org.quartz.simpl.RAMJobStore' - which does not support persistence. and is not clustered.

2018-12-25 14:30:38.224 INFO  org.quartz.impl.StdSchedulerFactory Line:1339 - Quartz scheduler 'quartzScheduler' initialized from an externally provided properties instance.
2018-12-25 14:30:38.225 INFO  org.quartz.impl.StdSchedulerFactory Line:1343 - Quartz scheduler version: 2.2.1
2018-12-25 14:30:38.226 INFO  org.quartz.core.QuartzScheduler Line:2311 - JobFactory set to: org.springframework.scheduling.quartz.SpringBeanJobFactory@2e93108a
2018-12-25 14:30:38.437 INFO  org.quartz.core.QuartzScheduler Line:575 - Scheduler quartzScheduler_$_NON_CLUSTERED started.
2018-12-25 14:30:38.457 INFO  com.cennavi.plan.PlanApplicationTests Line:59  - Started PlanApplicationTests in 6.492 seconds (JVM running for 7.952)
2018-12-25 14:30:39.050 INFO  org.quartz.core.QuartzScheduler Line:613 - Scheduler quartzScheduler_$_NON_CLUSTERED paused.
2018-12-25 14:30:39.052 INFO  org.quartz.core.QuartzScheduler Line:694 - Scheduler quartzScheduler_$_NON_CLUSTERED shutting down.
2018-12-25 14:30:39.052 INFO  org.quartz.core.QuartzScheduler Line:613 - Scheduler quartzScheduler_$_NON_CLUSTERED paused.
2018-12-25 14:30:39.053 INFO  org.quartz.core.QuartzScheduler Line:771 - Scheduler quartzScheduler_$_NON_CLUSTERED shutdown complete.
2018-12-25 14:30:39.079 INFO  com.alibaba.druid.pool.DruidDataSource Line:106 - {dataSource-1} closed
2018-12-25 15:20:20.989 INFO  com.cennavi.plan.PlanApplicationTests Line:50  - Starting PlanApplicationTests on 2013-20181114ST with PID 1576 (started by Administrator in D:\workspace\java\plan-service)
2018-12-25 15:20:20.996 INFO  com.cennavi.plan.PlanApplicationTests Line:679 - The following profiles are active: dev
2018-12-25 15:20:25.443 WARN  org.springframework.boot.autoconfigure.thymeleaf.ThymeleafAutoConfiguration$DefaultTemplateResolverConfiguration Line:108 - Cannot find template location: classpath:/templates/ (please add some templates or check your Thymeleaf configuration)
2018-12-25 15:20:26.371 INFO  com.alibaba.druid.pool.DruidDataSource Line:106 - {dataSource-1} inited
2018-12-25 15:20:26.839 INFO  org.quartz.impl.StdSchedulerFactory Line:1184 - Using default implementation for ThreadExecutor
2018-12-25 15:20:26.860 INFO  org.quartz.core.SchedulerSignalerImpl Line:61  - Initialized Scheduler Signaller of type: class org.quartz.core.SchedulerSignalerImpl
2018-12-25 15:20:26.864 INFO  org.quartz.core.QuartzScheduler Line:240 - Quartz Scheduler v.2.2.1 created.
2018-12-25 15:20:26.866 INFO  org.quartz.simpl.RAMJobStore Line:155 - RAMJobStore initialized.
2018-12-25 15:20:26.868 INFO  org.quartz.core.QuartzScheduler Line:305 - Scheduler meta-data: Quartz Scheduler (v2.2.1) 'quartzScheduler' with instanceId 'NON_CLUSTERED'
  Scheduler class: 'org.quartz.core.QuartzScheduler' - running locally.
  NOT STARTED.
  Currently in standby mode.
  Number of jobs executed: 0
  Using thread pool 'org.quartz.simpl.SimpleThreadPool' - with 10 threads.
  Using job-store 'org.quartz.simpl.RAMJobStore' - which does not support persistence. and is not clustered.

2018-12-25 15:20:26.870 INFO  org.quartz.impl.StdSchedulerFactory Line:1339 - Quartz scheduler 'quartzScheduler' initialized from an externally provided properties instance.
2018-12-25 15:20:26.871 INFO  org.quartz.impl.StdSchedulerFactory Line:1343 - Quartz scheduler version: 2.2.1
2018-12-25 15:20:26.872 INFO  org.quartz.core.QuartzScheduler Line:2311 - JobFactory set to: org.springframework.scheduling.quartz.SpringBeanJobFactory@4b7ab7ab
2018-12-25 15:20:27.027 INFO  org.quartz.core.QuartzScheduler Line:575 - Scheduler quartzScheduler_$_NON_CLUSTERED started.
2018-12-25 15:20:27.044 INFO  com.cennavi.plan.PlanApplicationTests Line:59  - Started PlanApplicationTests in 6.533 seconds (JVM running for 8.406)
2018-12-25 15:20:27.683 INFO  org.quartz.core.QuartzScheduler Line:613 - Scheduler quartzScheduler_$_NON_CLUSTERED paused.
2018-12-25 15:20:27.685 INFO  org.quartz.core.QuartzScheduler Line:694 - Scheduler quartzScheduler_$_NON_CLUSTERED shutting down.
2018-12-25 15:20:27.686 INFO  org.quartz.core.QuartzScheduler Line:613 - Scheduler quartzScheduler_$_NON_CLUSTERED paused.
2018-12-25 15:20:27.687 INFO  org.quartz.core.QuartzScheduler Line:771 - Scheduler quartzScheduler_$_NON_CLUSTERED shutdown complete.
2018-12-25 15:20:27.710 INFO  com.alibaba.druid.pool.DruidDataSource Line:106 - {dataSource-1} closed
